TITLE : A test of CPS4 units
C O N T R O L   I N F O R M A T I O N

      NUMBER OF NODAL POINTS . . . . . . . . . . (NUMNP)  =     8
      NUMBER OF ELEMENT GROUPS . . . . . . . . . (NUMEG)  =     1
      NUMBER OF LOAD CASES . . . . . . . . . . . (NLCASE) =     1
      SOLUTION MODE  . . . . . . . . . . . . . . (MODEX)  =     1
         EQ.0, DATA CHECK
         EQ.1, EXECUTION

 N O D A L   P O I N T   D A T A

    NODE       BOUNDARY                         NODAL POINT
   NUMBER  CONDITION  CODES                     COORDINATES
        1    1    1    1       0.00000e+00    0.00000e+00    0.00000e+00
        2    0    1    1       2.50000e+00    0.00000e+00    0.00000e+00
        3    0    0    1       2.50000e+00    3.00000e+00    0.00000e+00
        4    0    0    1       0.00000e+00    2.00000e+00    0.00000e+00
        5    0    0    1       5.00000e-01    5.00000e-01    0.00000e+00
        6    0    0    1       2.00000e+00    7.50000e-01    0.00000e+00
        7    0    0    1       1.75000e+00    1.75000e+00    0.00000e+00
        8    0    0    1       6.50000e-01    1.60000e+00    0.00000e+00

 EQUATION NUMBERS

   NODE NUMBER   DEGREES OF FREEDOM
        N           X    Y    Z
        1           0    0    0
        2           1    0    0
        3           2    3    0
        4           4    5    0
        5           6    7    0
        6           8    9    0
        7          10   11    0
        8          12   13    0

 L O A D   C A S E   D A T A

     LOAD CASE NUMBER . . . . . . . =     1
     NUMBER OF CONCENTRATED LOADS . =     4

    NODE       DIRECTION      LOAD
   NUMBER                   MAGNITUDE
      1            1       -1.00000e+01
      2            1        1.50000e+01
      3            1        1.00000e+01
      4            1       -1.50000e+01

 E L E M E N T   G R O U P   D A T A


 E L E M E N T   D E F I N I T I O N

 ELEMENT TYPE  . . . . . . . . . . . . .( NPAR(1) ) . . =    2
     EQ.1, TRUSS ELEMENTS
     EQ.2, Q4 ElEMENTS
     EQ.3, NOT AVAILABLE

 NUMBER OF ELEMENTS. . . . . . . . . . .( NPAR(2) ) . . =    5

 M A T E R I A L   D E F I N I T I O N

 NUMBER OF DIFFERENT SETS OF MATERIAL
 AND CROSS-SECTIONAL  CONSTANTS  . . . .( NPAR(3) ) . . =    1

  SET       YOUNG'S         POISSON 
 NUMBER     MODULUS          RATIO
               E              v
    1     1.00000e+03     3.00000e-01


 E L E M E N T   I N F O R M A T I O N
 ELEMENT     NODE     NODE	NODE	NODE        MATERIAL
 NUMBER-N      1        2	  3	  4         SET NUMBER
    1          1        2        6        5           1
    2          6        2        3        7           1
    3          8        7        3        4           1
    4          1        5        8        4           1
    5          8        5        6        7           1

	TOTAL SYSTEM DATA

     NUMBER OF EQUATIONS . . . . . . . . . . . . . .(NEQ) = 13
     NUMBER OF MATRIX ELEMENTS . . . . . . . . . . .(NWK) = 87
     MAXIMUM HALF BANDWIDTH  . . . . . . . . . . . .(MK ) = 12
     MEAN HALF BANDWIDTH . . . . . . . . . . . . . .(MM ) = 6


 LOAD CASE    1


 D I S P L A C E M E N T S

  NODE           X-DISPLACEMENT    Y-DISPLACEMENT    Z-DISPLACEMENT
    1               0.00000e+00       0.00000e+00       0.00000e+00
    2               2.50000e-02       0.00000e+00       0.00000e+00
    3               2.50000e-02      -9.00000e-03       0.00000e+00
    4              -2.88398e-17      -6.00000e-03       0.00000e+00
    5               5.00000e-03      -1.50000e-03       0.00000e+00
    6               2.00000e-02      -2.25000e-03       0.00000e+00
    7               1.75000e-02      -5.25000e-03       0.00000e+00
    8               6.50000e-03      -4.80000e-03       0.00000e+00

 S T R E S S  C A L C U L A T I O N S  F O R  E L E M E N T  G R O U P    1

  ELEMENT             FORCE            STRESS
  NUMBER
    1           7.50000e+00       2.50000e+01
    2           1.28250e+01       4.27500e+01
    3           4.18500e+00       1.39500e+01
    4           1.05000e+00       3.50000e+00
    5           1.56000e+00       5.20000e+00


 S O L U T I O N   T I M E   L O G   I N   S E C 

     TIME FOR INPUT PHASE = 5.90000e-02
     TIME FOR CALCULATION OF STIFFNESS MATRIX = 7.00000e-03
     TIME FOR FACTORIZATION AND LOAD CASE SOLUTIONS = 3.20000e-02

     T O T A L   S O L U T I O N   T I M E = 9.80000e-02

