TITLE : Generated by: Abaqus/CAE 2021  eletype:C3D20
C O N T R O L   I N F O R M A T I O N

      NUMBER OF NODAL POINTS . . . . . . . . . . (NUMNP)  =   111
      NUMBER OF ELEMENT GROUPS . . . . . . . . . (NUMEG)  =     1
      NUMBER OF LOAD CASES . . . . . . . . . . . (NLCASE) =     1
      SOLUTION MODE  . . . . . . . . . . . . . . (MODEX)  =     1
         EQ.0, DATA CHECK
         EQ.1, EXECUTION

 N O D A L   P O I N T   D A T A

    NODE       BOUNDARY                         NODAL POINT
   NUMBER  CONDITION  CODES                     COORDINATES
        1    0    0    0      -1.00000e+01   -1.00000e+01    4.00000e+01
        2    0    0    0      -1.00000e+01    0.00000e+00    4.00000e+01
        3    0    0    0      -1.00000e+01    1.00000e+01    4.00000e+01
        4    0    0    0      -1.00000e+01   -1.00000e+01    2.66667e+01
        5    0    0    0      -1.00000e+01    0.00000e+00    2.66667e+01
        6    0    0    0      -1.00000e+01    1.00000e+01    2.66667e+01
        7    0    0    0      -1.00000e+01   -1.00000e+01    1.33333e+01
        8    0    0    0      -1.00000e+01    0.00000e+00    1.33333e+01
        9    0    0    0      -1.00000e+01    1.00000e+01    1.33333e+01
       10    1    1    1      -1.00000e+01   -1.00000e+01    0.00000e+00
       11    1    1    1      -1.00000e+01    0.00000e+00    0.00000e+00
       12    1    1    1      -1.00000e+01    1.00000e+01    0.00000e+00
       13    0    0    0       0.00000e+00   -1.00000e+01    4.00000e+01
       14    0    0    0       0.00000e+00    0.00000e+00    4.00000e+01
       15    0    0    0       0.00000e+00    1.00000e+01    4.00000e+01
       16    0    0    0       0.00000e+00   -1.00000e+01    2.66667e+01
       17    0    0    0       0.00000e+00    0.00000e+00    2.66667e+01
       18    0    0    0       0.00000e+00    1.00000e+01    2.66667e+01
       19    0    0    0       0.00000e+00   -1.00000e+01    1.33333e+01
       20    0    0    0       0.00000e+00    0.00000e+00    1.33333e+01
       21    0    0    0       0.00000e+00    1.00000e+01    1.33333e+01
       22    1    1    1       0.00000e+00   -1.00000e+01    0.00000e+00
       23    1    1    1       0.00000e+00    0.00000e+00    0.00000e+00
       24    1    1    1       0.00000e+00    1.00000e+01    0.00000e+00
       25    0    0    0       1.00000e+01   -1.00000e+01    4.00000e+01
       26    0    0    0       1.00000e+01    0.00000e+00    4.00000e+01
       27    0    0    0       1.00000e+01    1.00000e+01    4.00000e+01
       28    0    0    0       1.00000e+01   -1.00000e+01    2.66667e+01
       29    0    0    0       1.00000e+01    0.00000e+00    2.66667e+01
       30    0    0    0       1.00000e+01    1.00000e+01    2.66667e+01
       31    0    0    0       1.00000e+01   -1.00000e+01    1.33333e+01
       32    0    0    0       1.00000e+01    0.00000e+00    1.33333e+01
       33    0    0    0       1.00000e+01    1.00000e+01    1.33333e+01
       34    1    1    1       1.00000e+01   -1.00000e+01    0.00000e+00
       35    1    1    1       1.00000e+01    0.00000e+00    0.00000e+00
       36    1    1    1       1.00000e+01    1.00000e+01    0.00000e+00
       37    0    0    0       0.00000e+00   -1.00000e+01    3.33333e+01
       38    0    0    0       0.00000e+00   -5.00000e+00    2.66667e+01
       39    0    0    0       0.00000e+00    0.00000e+00    3.33333e+01
       40    0    0    0       0.00000e+00   -5.00000e+00    4.00000e+01
       41    0    0    0      -1.00000e+01   -5.00000e+00    4.00000e+01
       42    0    0    0      -1.00000e+01    0.00000e+00    3.33333e+01
       43    0    0    0      -1.00000e+01   -5.00000e+00    2.66667e+01
       44    0    0    0      -1.00000e+01   -1.00000e+01    3.33333e+01
       45    0    0    0      -5.00000e+00    0.00000e+00    4.00000e+01
       46    0    0    0      -5.00000e+00   -1.00000e+01    4.00000e+01
       47    0    0    0      -5.00000e+00    0.00000e+00    2.66667e+01
       48    0    0    0      -5.00000e+00   -1.00000e+01    2.66667e+01
       49    0    0    0       0.00000e+00    5.00000e+00    2.66667e+01
       50    0    0    0       0.00000e+00    1.00000e+01    3.33333e+01
       51    0    0    0       0.00000e+00    5.00000e+00    4.00000e+01
       52    0    0    0      -1.00000e+01    5.00000e+00    4.00000e+01
       53    0    0    0      -1.00000e+01    1.00000e+01    3.33333e+01
       54    0    0    0      -1.00000e+01    5.00000e+00    2.66667e+01
       55    0    0    0      -5.00000e+00    1.00000e+01    4.00000e+01
       56    0    0    0      -5.00000e+00    1.00000e+01    2.66667e+01
       57    0    0    0       0.00000e+00   -1.00000e+01    2.00000e+01
       58    0    0    0       0.00000e+00   -5.00000e+00    1.33333e+01
       59    0    0    0       0.00000e+00    0.00000e+00    2.00000e+01
       60    0    0    0      -1.00000e+01    0.00000e+00    2.00000e+01
       61    0    0    0      -1.00000e+01   -5.00000e+00    1.33333e+01
       62    0    0    0      -1.00000e+01   -1.00000e+01    2.00000e+01
       63    0    0    0      -5.00000e+00    0.00000e+00    1.33333e+01
       64    0    0    0      -5.00000e+00   -1.00000e+01    1.33333e+01
       65    0    0    0       0.00000e+00    5.00000e+00    1.33333e+01
       66    0    0    0       0.00000e+00    1.00000e+01    2.00000e+01
       67    0    0    0      -1.00000e+01    1.00000e+01    2.00000e+01
       68    0    0    0      -1.00000e+01    5.00000e+00    1.33333e+01
       69    0    0    0      -5.00000e+00    1.00000e+01    1.33333e+01
       70    0    0    0       0.00000e+00   -1.00000e+01    6.66670e+00
       71    1    1    1       0.00000e+00   -5.00000e+00    0.00000e+00
       72    0    0    0       0.00000e+00    0.00000e+00    6.66670e+00
       73    0    0    0      -1.00000e+01    0.00000e+00    6.66670e+00
       74    1    1    1      -1.00000e+01   -5.00000e+00    0.00000e+00
       75    0    0    0      -1.00000e+01   -1.00000e+01    6.66670e+00
       76    1    1    1      -5.00000e+00    0.00000e+00    0.00000e+00
       77    1    1    1      -5.00000e+00   -1.00000e+01    0.00000e+00
       78    1    1    1       0.00000e+00    5.00000e+00    0.00000e+00
       79    0    0    0       0.00000e+00    1.00000e+01    6.66670e+00
       80    0    0    0      -1.00000e+01    1.00000e+01    6.66670e+00
       81    1    1    1      -1.00000e+01    5.00000e+00    0.00000e+00
       82    1    1    1      -5.00000e+00    1.00000e+01    0.00000e+00
       83    0    0    0       1.00000e+01   -1.00000e+01    3.33333e+01
       84    0    0    0       1.00000e+01   -5.00000e+00    2.66667e+01
       85    0    0    0       1.00000e+01    0.00000e+00    3.33333e+01
       86    0    0    0       1.00000e+01   -5.00000e+00    4.00000e+01
       87    0    0    0       5.00000e+00    0.00000e+00    4.00000e+01
       88    0    0    0       5.00000e+00   -1.00000e+01    4.00000e+01
       89    0    0    0       5.00000e+00    0.00000e+00    2.66667e+01
       90    0    0    0       5.00000e+00   -1.00000e+01    2.66667e+01
       91    0    0    0       1.00000e+01    5.00000e+00    2.66667e+01
       92    0    0    0       1.00000e+01    1.00000e+01    3.33333e+01
       93    0    0    0       1.00000e+01    5.00000e+00    4.00000e+01
       94    0    0    0       5.00000e+00    1.00000e+01    4.00000e+01
       95    0    0    0       5.00000e+00    1.00000e+01    2.66667e+01
       96    0    0    0       1.00000e+01   -1.00000e+01    2.00000e+01
       97    0    0    0       1.00000e+01   -5.00000e+00    1.33333e+01
       98    0    0    0       1.00000e+01    0.00000e+00    2.00000e+01
       99    0    0    0       5.00000e+00    0.00000e+00    1.33333e+01
      100    0    0    0       5.00000e+00   -1.00000e+01    1.33333e+01
      101    0    0    0       1.00000e+01    5.00000e+00    1.33333e+01
      102    0    0    0       1.00000e+01    1.00000e+01    2.00000e+01
      103    0    0    0       5.00000e+00    1.00000e+01    1.33333e+01
      104    0    0    0       1.00000e+01   -1.00000e+01    6.66670e+00
      105    1    1    1       1.00000e+01   -5.00000e+00    0.00000e+00
      106    0    0    0       1.00000e+01    0.00000e+00    6.66670e+00
      107    1    1    1       5.00000e+00    0.00000e+00    0.00000e+00
      108    1    1    1       5.00000e+00   -1.00000e+01    0.00000e+00
      109    1    1    1       1.00000e+01    5.00000e+00    0.00000e+00
      110    0    0    0       1.00000e+01    1.00000e+01    6.66670e+00
      111    1    1    1       5.00000e+00    1.00000e+01    0.00000e+00

 EQUATION NUMBERS

   NODE NUMBER   DEGREES OF FREEDOM
        N           X    Y    Z
        1           1    2    3
        2           4    5    6
        3           7    8    9
        4          10   11   12
        5          13   14   15
        6          16   17   18
        7          19   20   21
        8          22   23   24
        9          25   26   27
       10           0    0    0
       11           0    0    0
       12           0    0    0
       13          28   29   30
       14          31   32   33
       15          34   35   36
       16          37   38   39
       17          40   41   42
       18          43   44   45
       19          46   47   48
       20          49   50   51
       21          52   53   54
       22           0    0    0
       23           0    0    0
       24           0    0    0
       25          55   56   57
       26          58   59   60
       27          61   62   63
       28          64   65   66
       29          67   68   69
       30          70   71   72
       31          73   74   75
       32          76   77   78
       33          79   80   81
       34           0    0    0
       35           0    0    0
       36           0    0    0
       37          82   83   84
       38          85   86   87
       39          88   89   90
       40          91   92   93
       41          94   95   96
       42          97   98   99
       43         100  101  102
       44         103  104  105
       45         106  107  108
       46         109  110  111
       47         112  113  114
       48         115  116  117
       49         118  119  120
       50         121  122  123
       51         124  125  126
       52         127  128  129
       53         130  131  132
       54         133  134  135
       55         136  137  138
       56         139  140  141
       57         142  143  144
       58         145  146  147
       59         148  149  150
       60         151  152  153
       61         154  155  156
       62         157  158  159
       63         160  161  162
       64         163  164  165
       65         166  167  168
       66         169  170  171
       67         172  173  174
       68         175  176  177
       69         178  179  180
       70         181  182  183
       71           0    0    0
       72         184  185  186
       73         187  188  189
       74           0    0    0
       75         190  191  192
       76           0    0    0
       77           0    0    0
       78           0    0    0
       79         193  194  195
       80         196  197  198
       81           0    0    0
       82           0    0    0
       83         199  200  201
       84         202  203  204
       85         205  206  207
       86         208  209  210
       87         211  212  213
       88         214  215  216
       89         217  218  219
       90         220  221  222
       91         223  224  225
       92         226  227  228
       93         229  230  231
       94         232  233  234
       95         235  236  237
       96         238  239  240
       97         241  242  243
       98         244  245  246
       99         247  248  249
      100         250  251  252
      101         253  254  255
      102         256  257  258
      103         259  260  261
      104         262  263  264
      105           0    0    0
      106         265  266  267
      107           0    0    0
      108           0    0    0
      109           0    0    0
      110         268  269  270
      111           0    0    0

 L O A D   C A S E   D A T A

     LOAD CASE NUMBER . . . . . . . =     1
     NUMBER OF CONCENTRATED LOADS . =     4

    NODE       DIRECTION      LOAD
   NUMBER                   MAGNITUDE
     27            3        5.00000e+01
      3            3        5.00000e+01
      1            3       -5.00000e+01
     25            3       -5.00000e+01

 E L E M E N T   G R O U P   D A T A


 E L E M E N T   D E F I N I T I O N

 ELEMENT TYPE  . . . . . . . . . . . . .( NPAR(1) ) . . =    8
     EQ.1, TRUSS ELEMENTS
     EQ.2, ELEMENTS CURRENTLY
     EQ.3, NOT AVAILABLE

 NUMBER OF ELEMENTS. . . . . . . . . . .( NPAR(2) ) . . =   12

 M A T E R I A L   D E F I N I T I O N

 NUMBER OF DIFFERENT SETS OF MATERIAL
 AND CROSS-SECTIONAL  CONSTANTS  . . . .( NPAR(3) ) . . =    1

  SET       YOUNG'S     CROSS-SECTIONAL
 NUMBER     MODULUS          AREA
               E              A
    1     2.00000e+05     3.00000e-01


 E L E M E N T   I N F O R M A T I O N
 ELEMENT     NODE     NODE       MATERIAL
 NUMBER-N      I        J       SET NUMBER
    1         13       14       17       16        1        2        5        4       40       39       38       37       41       42       43       44       46       45       47       48           1
    2         14       15       18       17        2        3        6        5       51       50       49       39       52       53       54       42       45       55       56       47           1
    3         16       17       20       19        4        5        8        7       38       59       58       57       43       60       61       62       48       47       63       64           1
    4         17       18       21       20        5        6        9        8       49       66       65       59       54       67       68       60       47       56       69       63           1
    5         19       20       23       22        7        8       11       10       58       72       71       70       61       73       74       75       64       63       76       77           1
    6         20       21       24       23        8        9       12       11       65       79       78       72       68       80       81       73       63       69       82       76           1
    7         25       26       29       28       13       14       17       16       86       85       84       83       40       39       38       37       88       87       89       90           1
    8         26       27       30       29       14       15       18       17       93       92       91       85       51       50       49       39       87       94       95       89           1
    9         28       29       32       31       16       17       20       19       84       98       97       96       38       59       58       57       90       89       99      100           1
   10         29       30       33       32       17       18       21       20       91      102      101       98       49       66       65       59       89       95      103       99           1
   11         31       32       35       34       19       20       23       22       97      106      105      104       58       72       71       70      100       99      107      108           1
   12         32       33       36       35       20       21       24       23      101      110      109      106       65       79       78       72       99      103      111      107           1

	TOTAL SYSTEM DATA

     NUMBER OF EQUATIONS . . . . . . . . . . . . . .(NEQ) = 270
     NUMBER OF MATRIX ELEMENTS . . . . . . . . . . .(NWK) = 32319
     MAXIMUM HALF BANDWIDTH  . . . . . . . . . . . .(MK ) = 222
     MEAN HALF BANDWIDTH . . . . . . . . . . . . . .(MM ) = 119


 LOAD CASE    1


 D I S P L A C E M E N T S

  NODE           X-DISPLACEMENT    Y-DISPLACEMENT    Z-DISPLACEMENT
    1           -9.39823377e-05   -6.51117055e-04   -5.36631598e-04
    2            1.96511644e-19   -5.67853554e-04    6.94567017e-20
    3            9.39823377e-05   -6.51117055e-04    5.36631598e-04
    4           -2.19208353e-05   -2.52668825e-04   -1.75120934e-04
    5            1.33831206e-19   -2.43712211e-04    3.52359089e-19
    6            2.19208353e-05   -2.52668825e-04    1.75120934e-04
    7           -2.11948373e-05   -6.02495507e-05   -9.76784801e-05
    8           -5.03984604e-20   -4.96749211e-05    2.98413678e-20
    9            2.11948373e-05   -6.02495507e-05    9.76784801e-05
   10            0.00000000e+00    0.00000000e+00    0.00000000e+00
   11            0.00000000e+00    0.00000000e+00    0.00000000e+00
   12            0.00000000e+00    0.00000000e+00    0.00000000e+00
   13            3.47622322e-18   -5.47721197e-04   -2.00220960e-04
   14            8.22468992e-19   -5.74464151e-04    1.98650207e-19
   15           -3.17129135e-18   -5.47721197e-04    2.00220960e-04
   16            2.01932655e-18   -2.61513678e-04   -1.88520520e-04
   17            7.66564817e-20   -2.48021846e-04    1.28655006e-19
   18           -1.72117095e-18   -2.61513678e-04    1.88520520e-04
   19            8.01293168e-19   -7.00211138e-05   -9.49833056e-05
   20            1.31554805e-20   -6.02824424e-05   -6.54016585e-21
   21           -8.57197343e-19   -7.00211138e-05    9.49833056e-05
   22            0.00000000e+00    0.00000000e+00    0.00000000e+00
   23            0.00000000e+00    0.00000000e+00    0.00000000e+00
   24            0.00000000e+00    0.00000000e+00    0.00000000e+00
   25            9.39823377e-05   -6.51117055e-04   -5.36631598e-04
   26            3.52365706e-19   -5.67853554e-04    1.54159996e-19
   27           -9.39823377e-05   -6.51117055e-04    5.36631598e-04
   28            2.19208353e-05   -2.52668825e-04   -1.75120934e-04
   29            1.77876919e-19   -2.43712211e-04    7.37448060e-20
   30           -2.19208353e-05   -2.52668825e-04    1.75120934e-04
   31            2.11948373e-05   -6.02495507e-05   -9.76784801e-05
   32            2.62580214e-20   -4.96749211e-05   -1.43280917e-19
   33           -2.11948373e-05   -6.02495507e-05    9.76784801e-05
   34            0.00000000e+00    0.00000000e+00    0.00000000e+00
   35            0.00000000e+00    0.00000000e+00    0.00000000e+00
   36            0.00000000e+00    0.00000000e+00    0.00000000e+00
   37            2.71273704e-18   -4.08326397e-04   -2.20100848e-04
   38            1.07824931e-18   -2.51443059e-04   -8.76655567e-05
   39            4.25902957e-19   -3.97507325e-04    4.13352078e-19
   40            2.08524155e-18   -5.67409997e-04   -1.24748468e-04
   41           -5.33326470e-05   -5.95285260e-04   -1.91300567e-04
   42            2.59119290e-19   -3.86541438e-04   -1.20569846e-20
   43           -8.90717115e-06   -2.44609247e-04   -1.00896714e-04
   44           -2.38578572e-06   -3.95134146e-04   -3.16694828e-04
   45            5.82758668e-19   -5.80852165e-04    1.76500490e-19
   46           -3.83865858e-05   -5.97948113e-04   -2.96181451e-04
   47            9.48676901e-20   -2.48041474e-04    1.26829949e-19
   48           -8.05587437e-06   -2.58542419e-04   -1.95934407e-04
   49           -8.21621959e-19   -2.51443059e-04    8.76655567e-05
   50           -2.69864697e-18   -4.08326397e-04    2.20100848e-04
   51           -9.89334482e-19   -5.67409997e-04    1.24748468e-04
   52            5.33326470e-05   -5.95285260e-04    1.91300567e-04
   53            2.38578572e-06   -3.95134146e-04    3.16694828e-04
   54            8.90717115e-06   -2.44609247e-04    1.00896714e-04
   55            3.83865858e-05   -5.97948113e-04    2.96181451e-04
   56            8.05587437e-06   -2.58542419e-04    1.95934407e-04
   57            1.38701645e-18   -1.49919351e-04   -1.42996963e-04
   58            3.77664198e-19   -6.13875133e-05   -4.86479700e-05
   59            1.81582688e-20   -1.38726933e-04   -1.08951036e-21
   60            5.16690098e-20   -1.28051812e-04    2.24728429e-19
   61           -1.12617419e-05   -5.20620651e-05   -4.69339904e-05
   62           -2.30498074e-05   -1.41664237e-04   -1.35383929e-04
   63           -7.13625258e-20   -5.78675505e-05    2.48700123e-20
   64           -1.07483147e-05   -6.87979072e-05   -9.30826408e-05
   65           -4.36645484e-19   -6.13875133e-05    4.86479700e-05
   66           -1.17906986e-18   -1.49919351e-04    1.42996963e-04
   67            2.30498074e-05   -1.41664237e-04    1.35383929e-04
   68            1.12617419e-05   -5.20620651e-05    4.69339904e-05
   69            1.07483147e-05   -6.87979072e-05    9.30826408e-05
   70            4.22351803e-19   -2.43992661e-05   -4.29901006e-05
   71            0.00000000e+00    0.00000000e+00    0.00000000e+00
   72            2.60065585e-21   -1.26941959e-05   -6.74390116e-20
   73            8.66885282e-21   -4.36402341e-06    1.33937085e-20
   74            0.00000000e+00    0.00000000e+00    0.00000000e+00
   75           -1.86013680e-05   -1.58806582e-05   -4.71372706e-05
   76            0.00000000e+00    0.00000000e+00    0.00000000e+00
   77            0.00000000e+00    0.00000000e+00    0.00000000e+00
   78            0.00000000e+00    0.00000000e+00    0.00000000e+00
   79           -4.22034166e-19   -2.43992661e-05    4.29901006e-05
   80            1.86013680e-05   -1.58806582e-05    4.71372706e-05
   81            0.00000000e+00    0.00000000e+00    0.00000000e+00
   82            0.00000000e+00    0.00000000e+00    0.00000000e+00
   83            2.38578572e-06   -3.95134146e-04   -3.16694828e-04
   84            8.90717115e-06   -2.44609247e-04   -1.00896714e-04
   85            1.99899776e-19   -3.86541438e-04    3.97258452e-19
   86            5.33326470e-05   -5.95285260e-04   -1.91300567e-04
   87            7.72494048e-19   -5.80852165e-04    1.09373129e-19
   88            3.83865858e-05   -5.97948113e-04   -2.96181451e-04
   89            1.28749008e-19   -2.48041474e-04    9.84675801e-20
   90            8.05587437e-06   -2.58542419e-04   -1.95934407e-04
   91           -8.90717115e-06   -2.44609247e-04    1.00896714e-04
   92           -2.38578572e-06   -3.95134146e-04    3.16694828e-04
   93           -5.33326470e-05   -5.95285260e-04    1.91300567e-04
   94           -3.83865858e-05   -5.97948113e-04    2.96181451e-04
   95           -8.05587437e-06   -2.58542419e-04    1.95934407e-04
   96            2.30498074e-05   -1.41664237e-04   -1.35383929e-04
   97            1.12617419e-05   -5.20620651e-05   -4.69339904e-05
   98            8.97854924e-20   -1.28051812e-04   -2.39106519e-19
   99            3.72694497e-20   -5.78675505e-05   -1.14720025e-19
  100            1.07483147e-05   -6.87979072e-05   -9.30826408e-05
  101           -1.12617419e-05   -5.20620651e-05    4.69339904e-05
  102           -2.30498074e-05   -1.41664237e-04    1.35383929e-04
  103           -1.07483147e-05   -6.87979072e-05    9.30826408e-05
  104            1.86013680e-05   -1.58806582e-05   -4.71372706e-05
  105            0.00000000e+00    0.00000000e+00    0.00000000e+00
  106            8.41738991e-21   -4.36402341e-06   -1.90582413e-20
  107            0.00000000e+00    0.00000000e+00    0.00000000e+00
  108            0.00000000e+00    0.00000000e+00    0.00000000e+00
  109            0.00000000e+00    0.00000000e+00    0.00000000e+00
  110           -1.86013680e-05   -1.58806582e-05    4.71372706e-05
  111            0.00000000e+00    0.00000000e+00    0.00000000e+00

 S T R E S S  C A L C U L A T I O N S  F O R  E L E M E N T  G R O U P    1


 S O L U T I O N   T I M E   L O G   I N   S E C 

     TIME FOR INPUT PHASE = 1.24600000e+00
     TIME FOR CALCULATION OF STIFFNESS MATRIX = 3.01000000e-01
     TIME FOR FACTORIZATION AND LOAD CASE SOLUTIONS = 2.23000000e-01

     T O T A L   S O L U T I O N   T I M E = 1.77000000e+00

