TITLE : Generated by: Abaqus/CAE 2021  eletype:CPS4
C O N T R O L   I N F O R M A T I O N

      NUMBER OF NODAL POINTS . . . . . . . . . . (NUMNP)  =    77
      NUMBER OF ELEMENT GROUPS . . . . . . . . . (NUMEG)  =     1
      NUMBER OF LOAD CASES . . . . . . . . . . . (NLCASE) =     1
      SOLUTION MODE  . . . . . . . . . . . . . . (MODEX)  =     1
         EQ.0, DATA CHECK
         EQ.1, EXECUTION

 N O D A L   P O I N T   D A T A

    NODE       BOUNDARY                         NODAL POINT
   NUMBER  CONDITION  CODES                     COORDINATES
        1    0    0    1       0.00000e+00    0.00000e+00    0.00000e+00
        2    0    0    1       2.50000e+00    1.00000e+00    0.00000e+00
        3    0    0    1       5.00000e+00    2.00000e+00    0.00000e+00
        4    0    0    1       7.50000e+00    3.00000e+00    0.00000e+00
        5    0    0    1       1.00000e+01    4.00000e+00    0.00000e+00
        6    0    0    1       1.25000e+01    5.00000e+00    0.00000e+00
        7    0    0    1       1.50000e+01    6.00000e+00    0.00000e+00
        8    0    0    1       1.75000e+01    7.00000e+00    0.00000e+00
        9    0    0    1       2.00000e+01    8.00000e+00    0.00000e+00
       10    0    0    1       2.25000e+01    9.00000e+00    0.00000e+00
       11    0    0    1       2.50000e+01    1.00000e+01    0.00000e+00
       12    0    0    1       0.00000e+00    3.54170e+00    0.00000e+00
       13    0    0    1       2.50000e+00    4.37500e+00    0.00000e+00
       14    0    0    1       5.00000e+00    5.20830e+00    0.00000e+00
       15    0    0    1       7.50000e+00    6.04170e+00    0.00000e+00
       16    0    0    1       1.00000e+01    6.87500e+00    0.00000e+00
       17    0    0    1       1.25000e+01    7.70830e+00    0.00000e+00
       18    0    0    1       1.50000e+01    8.54170e+00    0.00000e+00
       19    0    0    1       1.75000e+01    9.37500e+00    0.00000e+00
       20    0    0    1       2.00000e+01    1.02083e+01    0.00000e+00
       21    0    0    1       2.25000e+01    1.10417e+01    0.00000e+00
       22    0    0    1       2.50000e+01    1.18750e+01    0.00000e+00
       23    0    0    1       0.00000e+00    7.08330e+00    0.00000e+00
       24    0    0    1       2.50000e+00    7.75000e+00    0.00000e+00
       25    0    0    1       5.00000e+00    8.41670e+00    0.00000e+00
       26    0    0    1       7.50000e+00    9.08330e+00    0.00000e+00
       27    0    0    1       1.00000e+01    9.75000e+00    0.00000e+00
       28    0    0    1       1.25000e+01    1.04167e+01    0.00000e+00
       29    0    0    1       1.50000e+01    1.10833e+01    0.00000e+00
       30    0    0    1       1.75000e+01    1.17500e+01    0.00000e+00
       31    0    0    1       2.00000e+01    1.24167e+01    0.00000e+00
       32    0    0    1       2.25000e+01    1.30833e+01    0.00000e+00
       33    0    0    1       2.50000e+01    1.37500e+01    0.00000e+00
       34    0    0    1       0.00000e+00    1.06250e+01    0.00000e+00
       35    0    0    1       2.50000e+00    1.11250e+01    0.00000e+00
       36    0    0    1       5.00000e+00    1.16250e+01    0.00000e+00
       37    0    0    1       7.50000e+00    1.21250e+01    0.00000e+00
       38    0    0    1       1.00000e+01    1.26250e+01    0.00000e+00
       39    0    0    1       1.25000e+01    1.31250e+01    0.00000e+00
       40    0    0    1       1.50000e+01    1.36250e+01    0.00000e+00
       41    0    0    1       1.75000e+01    1.41250e+01    0.00000e+00
       42    0    0    1       2.00000e+01    1.46250e+01    0.00000e+00
       43    0    0    1       2.25000e+01    1.51250e+01    0.00000e+00
       44    0    0    1       2.50000e+01    1.56250e+01    0.00000e+00
       45    0    0    1       0.00000e+00    1.41667e+01    0.00000e+00
       46    0    0    1       2.50000e+00    1.45000e+01    0.00000e+00
       47    0    0    1       5.00000e+00    1.48333e+01    0.00000e+00
       48    0    0    1       7.50000e+00    1.51667e+01    0.00000e+00
       49    0    0    1       1.00000e+01    1.55000e+01    0.00000e+00
       50    0    0    1       1.25000e+01    1.58333e+01    0.00000e+00
       51    0    0    1       1.50000e+01    1.61667e+01    0.00000e+00
       52    0    0    1       1.75000e+01    1.65000e+01    0.00000e+00
       53    0    0    1       2.00000e+01    1.68333e+01    0.00000e+00
       54    0    0    1       2.25000e+01    1.71667e+01    0.00000e+00
       55    0    0    1       2.50000e+01    1.75000e+01    0.00000e+00
       56    0    0    1       0.00000e+00    1.77083e+01    0.00000e+00
       57    0    0    1       2.50000e+00    1.78750e+01    0.00000e+00
       58    0    0    1       5.00000e+00    1.80417e+01    0.00000e+00
       59    0    0    1       7.50000e+00    1.82083e+01    0.00000e+00
       60    0    0    1       1.00000e+01    1.83750e+01    0.00000e+00
       61    0    0    1       1.25000e+01    1.85417e+01    0.00000e+00
       62    0    0    1       1.50000e+01    1.87083e+01    0.00000e+00
       63    0    0    1       1.75000e+01    1.88750e+01    0.00000e+00
       64    0    0    1       2.00000e+01    1.90417e+01    0.00000e+00
       65    0    0    1       2.25000e+01    1.92083e+01    0.00000e+00
       66    0    0    1       2.50000e+01    1.93750e+01    0.00000e+00
       67    0    0    1       0.00000e+00    2.12500e+01    0.00000e+00
       68    0    0    1       2.50000e+00    2.12500e+01    0.00000e+00
       69    0    0    1       5.00000e+00    2.12500e+01    0.00000e+00
       70    0    0    1       7.50000e+00    2.12500e+01    0.00000e+00
       71    0    0    1       1.00000e+01    2.12500e+01    0.00000e+00
       72    0    0    1       1.25000e+01    2.12500e+01    0.00000e+00
       73    0    0    1       1.50000e+01    2.12500e+01    0.00000e+00
       74    0    0    1       1.75000e+01    2.12500e+01    0.00000e+00
       75    0    0    1       2.00000e+01    2.12500e+01    0.00000e+00
       76    0    0    1       2.25000e+01    2.12500e+01    0.00000e+00
       77    0    0    1       2.50000e+01    2.12500e+01    0.00000e+00

 EQUATION NUMBERS

   NODE NUMBER   DEGREES OF FREEDOM
        N           X    Y    Z
        1           1    2    0
        2           3    4    0
        3           5    6    0
        4           7    8    0
        5           9   10    0
        6          11   12    0
        7          13   14    0
        8          15   16    0
        9          17   18    0
       10          19   20    0
       11          21   22    0
       12          23   24    0
       13          25   26    0
       14          27   28    0
       15          29   30    0
       16          31   32    0
       17          33   34    0
       18          35   36    0
       19          37   38    0
       20          39   40    0
       21          41   42    0
       22          43   44    0
       23          45   46    0
       24          47   48    0
       25          49   50    0
       26          51   52    0
       27          53   54    0
       28          55   56    0
       29          57   58    0
       30          59   60    0
       31          61   62    0
       32          63   64    0
       33          65   66    0
       34          67   68    0
       35          69   70    0
       36          71   72    0
       37          73   74    0
       38          75   76    0
       39          77   78    0
       40          79   80    0
       41          81   82    0
       42          83   84    0
       43          85   86    0
       44          87   88    0
       45          89   90    0
       46          91   92    0
       47          93   94    0
       48          95   96    0
       49          97   98    0
       50          99  100    0
       51         101  102    0
       52         103  104    0
       53         105  106    0
       54         107  108    0
       55         109  110    0
       56         111  112    0
       57         113  114    0
       58         115  116    0
       59         117  118    0
       60         119  120    0
       61         121  122    0
       62         123  124    0
       63         125  126    0
       64         127  128    0
       65         129  130    0
       66         131  132    0
       67         133  134    0
       68         135  136    0
       69         137  138    0
       70         139  140    0
       71         141  142    0
       72         143  144    0
       73         145  146    0
       74         147  148    0
       75         149  150    0
       76         151  152    0
       77         153  154    0

 L O A D   C A S E   D A T A

     LOAD CASE NUMBER . . . . . . . =     1
     NUMBER OF CONCENTRATED LOADS . =     2

    NODE       DIRECTION      LOAD
   NUMBER                   MAGNITUDE
     11            2       -2.00000e+01
     77            1        1.00000e+01

 E L E M E N T   G R O U P   D A T A


 E L E M E N T   D E F I N I T I O N

 ELEMENT TYPE  . . . . . . . . . . . . .( NPAR(1) ) . . =    2
     EQ.1, TRUSS ELEMENTS
     EQ.2, ELEMENTS CURRENTLY
     EQ.3, NOT AVAILABLE

 NUMBER OF ELEMENTS. . . . . . . . . . .( NPAR(2) ) . . =   60

2 has not been implemented yet.
	TOTAL SYSTEM DATA

     NUMBER OF EQUATIONS . . . . . . . . . . . . . .(NEQ) = 154
     NUMBER OF MATRIX ELEMENTS . . . . . . . . . . .(NWK) = 3415
     MAXIMUM HALF BANDWIDTH  . . . . . . . . . . . .(MK ) = 26
     MEAN HALF BANDWIDTH . . . . . . . . . . . . . .(MM ) = 22


 LOAD CASE    1


 D I S P L A C E M E N T S

  NODE           X-DISPLACEMENT    Y-DISPLACEMENT    Z-DISPLACEMENT
    1           -9.04978315e+10    1.99694319e+10    0.00000000e+00
    2           -8.60565954e+10    8.86634174e+09    0.00000000e+00
    3           -8.16153594e+10   -2.23674843e+09    0.00000000e+00
    4           -7.71741233e+10   -1.33398386e+10    0.00000000e+00
    5           -7.27328872e+10   -2.44429288e+10    0.00000000e+00
    6           -6.82916512e+10   -3.55460189e+10    0.00000000e+00
    7           -6.38504151e+10   -4.66491091e+10    0.00000000e+00
    8           -5.94091790e+10   -5.77521993e+10    0.00000000e+00
    9           -5.49679430e+10   -6.88552894e+10    0.00000000e+00
   10           -5.05267069e+10   -7.99583796e+10    0.00000000e+00
   11           -4.60854708e+10   -9.10614698e+10    0.00000000e+00
   12           -7.47683057e+10    1.99694319e+10    0.00000000e+00
   13           -7.10674237e+10    8.86634174e+09    0.00000000e+00
   14           -6.73665417e+10   -2.23674843e+09    0.00000000e+00
   15           -6.36652156e+10   -1.33398386e+10    0.00000000e+00
   16           -5.99643335e+10   -2.44429288e+10    0.00000000e+00
   17           -5.62634515e+10   -3.55460189e+10    0.00000000e+00
   18           -5.25621254e+10   -4.66491091e+10    0.00000000e+00
   19           -4.88612434e+10   -5.77521993e+10    0.00000000e+00
   20           -4.51603614e+10   -6.88552894e+10    0.00000000e+00
   21           -4.14590352e+10   -7.99583796e+10    0.00000000e+00
   22           -3.77581532e+10   -9.10614698e+10    0.00000000e+00
   23           -5.90392241e+10    1.99694319e+10    0.00000000e+00
   24           -5.60782520e+10    8.86634174e+09    0.00000000e+00
   25           -5.31172799e+10   -2.23674843e+09    0.00000000e+00
   26           -5.01567519e+10   -1.33398386e+10    0.00000000e+00
   27           -4.71957798e+10   -2.44429288e+10    0.00000000e+00
   28           -4.42348078e+10   -3.55460189e+10    0.00000000e+00
   29           -4.12742798e+10   -4.66491091e+10    0.00000000e+00
   30           -3.83133077e+10   -5.77521993e+10    0.00000000e+00
   31           -3.53523356e+10   -6.88552894e+10    0.00000000e+00
   32           -3.23918077e+10   -7.99583796e+10    0.00000000e+00
   33           -2.94308356e+10   -9.10614698e+10    0.00000000e+00
   34           -4.33096983e+10    1.99694319e+10    0.00000000e+00
   35           -4.10890803e+10    8.86634174e+09    0.00000000e+00
   36           -3.88684622e+10   -2.23674843e+09    0.00000000e+00
   37           -3.66478442e+10   -1.33398386e+10    0.00000000e+00
   38           -3.44272262e+10   -2.44429288e+10    0.00000000e+00
   39           -3.22066081e+10   -3.55460189e+10    0.00000000e+00
   40           -2.99859901e+10   -4.66491091e+10    0.00000000e+00
   41           -2.77653721e+10   -5.77521993e+10    0.00000000e+00
   42           -2.55447540e+10   -6.88552894e+10    0.00000000e+00
   43           -2.33241360e+10   -7.99583796e+10    0.00000000e+00
   44           -2.11035180e+10   -9.10614698e+10    0.00000000e+00
   45           -2.75801725e+10    1.99694319e+10    0.00000000e+00
   46           -2.60999085e+10    8.86634174e+09    0.00000000e+00
   47           -2.46196445e+10   -2.23674843e+09    0.00000000e+00
   48           -2.31389364e+10   -1.33398386e+10    0.00000000e+00
   49           -2.16586725e+10   -2.44429288e+10    0.00000000e+00
   50           -2.01784085e+10   -3.55460189e+10    0.00000000e+00
   51           -1.86977004e+10   -4.66491091e+10    0.00000000e+00
   52           -1.72174364e+10   -5.77521993e+10    0.00000000e+00
   53           -1.57371724e+10   -6.88552894e+10    0.00000000e+00
   54           -1.42564643e+10   -7.99583796e+10    0.00000000e+00
   55           -1.27762003e+10   -9.10614698e+10    0.00000000e+00
   56           -1.18510909e+10    1.99694319e+10    0.00000000e+00
   57           -1.11107368e+10    8.86634174e+09    0.00000000e+00
   58           -1.03703828e+10   -2.23674843e+09    0.00000000e+00
   59           -9.63047282e+09   -1.33398386e+10    0.00000000e+00
   60           -8.89011877e+09   -2.44429288e+10    0.00000000e+00
   61           -8.14976472e+09   -3.55460189e+10    0.00000000e+00
   62           -7.40985479e+09   -4.66491091e+10    0.00000000e+00
   63           -6.66950074e+09   -5.77521993e+10    0.00000000e+00
   64           -5.92914668e+09   -6.88552894e+10    0.00000000e+00
   65           -5.18923676e+09   -7.99583796e+10    0.00000000e+00
   66           -4.44888270e+09   -9.10614698e+10    0.00000000e+00
   67            3.87843492e+09    1.99694319e+10    0.00000000e+00
   68            3.87843492e+09    8.86634174e+09    0.00000000e+00
   69            3.87843492e+09   -2.23674843e+09    0.00000000e+00
   70            3.87843492e+09   -1.33398386e+10    0.00000000e+00
   71            3.87843492e+09   -2.44429288e+10    0.00000000e+00
   72            3.87843492e+09   -3.55460189e+10    0.00000000e+00
   73            3.87843492e+09   -4.66491091e+10    0.00000000e+00
   74            3.87843492e+09   -5.77521993e+10    0.00000000e+00
   75            3.87843492e+09   -6.88552894e+10    0.00000000e+00
   76            3.87843492e+09   -7.99583796e+10    0.00000000e+00
   77            3.87843492e+09   -9.10614698e+10    0.00000000e+00

 S T R E S S  C A L C U L A T I O N S  F O R  E L E M E N T  G R O U P    1


 S O L U T I O N   T I M E   L O G   I N   S E C 

     TIME FOR INPUT PHASE = 3.54300000e-03
     TIME FOR CALCULATION OF STIFFNESS MATRIX = 6.77100000e-03
     TIME FOR FACTORIZATION AND LOAD CASE SOLUTIONS = 2.00700000e-03

     T O T A L   S O L U T I O N   T I M E = 1.23210000e-02

