TITLE : Cables to test STAP++
C O N T R O L   I N F O R M A T I O N

      NUMBER OF NODAL POINTS . . . . . . . . . . (NUMNP)  =     9
      NUMBER OF ELEMENT GROUPS . . . . . . . . . (NUMEG)  =     2
      NUMBER OF LOAD CASES . . . . . . . . . . . (NLCASE) =     1
      SOLUTION MODE  . . . . . . . . . . . . . . (MODEX)  =     1
         EQ.0, DATA CHECK
         EQ.1, EXECUTION

 N O D A L   P O I N T   D A T A

    NODE       BOUNDARY                         NODAL POINT
   NUMBER  CONDITION  CODES                     COORDINATES
        1    1    1    1    1    1    1       0.00000e+00    0.00000e+00    0.00000e+00        2    0    0    1    1    1    1       2.00000e+00    0.00000e+00    0.00000e+00        3    0    1    1    1    1    1       3.00000e+00    0.00000e+00    0.00000e+00        4    0    0    1    1    1    1       0.00000e+00    2.00000e+00    0.00000e+00        5    0    0    1    1    1    1       1.50000e+00    1.50000e+00    0.00000e+00        6    0    0    1    1    1    1       3.00000e+00    2.00000e+00    0.00000e+00        7    0    0    1    1    1    1       0.00000e+00    3.00000e+00    0.00000e+00        8    0    0    1    1    1    1       2.00000e+00    3.00000e+00    0.00000e+00        9    0    0    1    1    1    1       3.00000e+00    3.00000e+00    0.00000e+00
 EQUATION NUMBERS

   NODE NUMBER   DEGREES OF FREEDOM
        N           X    Y    Z
        1           0    0    0    0    0    0
        2           1    2    0    0    0    0
        3           3    0    0    0    0    0
        4           4    5    0    0    0    0
        5           6    7    0    0    0    0
        6           8    9    0    0    0    0
        7          10   11    0    0    0    0
        8          12   13    0    0    0    0
        9          14   15    0    0    0    0

 L O A D   C A S E   D A T A

     LOAD CASE NUMBER . . . . . . . =     1
     NUMBER OF CONCENTRATED LOADS . =     5

    NODE       DIRECTION      LOAD
   NUMBER                   MAGNITUDE
      3            1        1.00000e+01
      6            1        1.50000e+01
      9            1        5.00000e+00
      7            1       -5.00000e+00
      4            1       -1.50000e+01

 E L E M E N T   G R O U P   D A T A


 E L E M E N T   D E F I N I T I O N

 ELEMENT TYPE  . . . . . . . . . . . . .( NPAR(1) ) . . =    2
     EQ.1, TRUSS ELEMENTS
     EQ.2, ELEMENTS CURRENTLY
     EQ.3, NOT AVAILABLE

 NUMBER OF ELEMENTS. . . . . . . . . . .( NPAR(2) ) . . =    1

2 has not been implemented yet.
 E L E M E N T   D E F I N I T I O N

 ELEMENT TYPE  . . . . . . . . . . . . .( NPAR(1) ) . . =    3
     EQ.1, TRUSS ELEMENTS
     EQ.2, ELEMENTS CURRENTLY
     EQ.3, NOT AVAILABLE

 NUMBER OF ELEMENTS. . . . . . . . . . .( NPAR(2) ) . . =    6

3 has not been implemented yet.
	TOTAL SYSTEM DATA

     NUMBER OF EQUATIONS . . . . . . . . . . . . . .(NEQ) = 15
     NUMBER OF MATRIX ELEMENTS . . . . . . . . . . .(NWK) = 86
     MAXIMUM HALF BANDWIDTH  . . . . . . . . . . . .(MK ) = 8
     MEAN HALF BANDWIDTH . . . . . . . . . . . . . .(MM ) = 5


 LOAD CASE    1


 D I S P L A C E M E N T S

  NODE           X-DISPLACEMENT    Y-DISPLACEMENT    Z-DISPLACEMENT
    1               0.00000e+00       0.00000e+00       0.00000e+00       0.00000e+00       0.00000e+00       0.00000e+00
    2               2.00000e-02       6.72205e-18       0.00000e+00       0.00000e+00       0.00000e+00       0.00000e+00
    3               3.00000e-02       0.00000e+00       0.00000e+00       0.00000e+00       0.00000e+00       0.00000e+00
    4              -1.64799e-17      -6.00000e-03       0.00000e+00       0.00000e+00       0.00000e+00       0.00000e+00
    5               1.50000e-02      -4.50000e-03       0.00000e+00       0.00000e+00       0.00000e+00       0.00000e+00
    6               3.00000e-02      -6.00000e-03       0.00000e+00       0.00000e+00       0.00000e+00       0.00000e+00
    7              -1.14925e-17      -9.00000e-03       0.00000e+00       0.00000e+00       0.00000e+00       0.00000e+00
    8               2.00000e-02      -9.00000e-03       0.00000e+00       0.00000e+00       0.00000e+00       0.00000e+00
    9               3.00000e-02      -9.00000e-03       0.00000e+00       0.00000e+00       0.00000e+00       0.00000e+00

 S T R E S S  C A L C U L A T I O N S  F O R  E L E M E N T  G R O U P    1

 S T R E S S  C A L C U L A T I O N S  F O R  E L E M E N T  G R O U P    2


 S O L U T I O N   T I M E   L O G   I N   S E C 

     TIME FOR INPUT PHASE = 8.80000e-02
     TIME FOR CALCULATION OF STIFFNESS MATRIX = 9.00000e-03
     TIME FOR FACTORIZATION AND LOAD CASE SOLUTIONS = 8.80000e-02

     T O T A L   S O L U T I O N   T I M E = 1.85000e-01

